{"C:\\Users\\sacha\\Documents\\GitHub\\UTC-SR10\\myapp\\model\\ConnexionBDD.js": {"path":"C:\\Users\\sacha\\Documents\\GitHub\\UTC-SR10\\myapp\\model\\ConnexionBDD.js","statementMap":{"0":{"start":{"line":2,"column":12},"end":{"line":2,"column":28}},"1":{"start":{"line":5,"column":11},"end":{"line":10,"column":2}},"2":{"start":{"line":16,"column":0},"end":{"line":16,"column":22}}},"fnMap":{},"branchMap":{},"s":{"0":1,"1":1,"2":1},"f":{},"b":{},"_coverageSchema":"1a1c01bbd47fc00a2c39e90264f33305004495a9","hash":"ced1a0ab96ae843e1b40b79230f65515c3036027"}
,"C:\\Users\\sacha\\Documents\\GitHub\\UTC-SR10\\myapp\\model\\Utilisateur.js": {"path":"C:\\Users\\sacha\\Documents\\GitHub\\UTC-SR10\\myapp\\model\\Utilisateur.js","statementMap":{"0":{"start":{"line":3,"column":9},"end":{"line":3,"column":37}},"1":{"start":{"line":18,"column":0},"end":{"line":246,"column":1}},"2":{"start":{"line":23,"column":8},"end":{"line":23,"column":81}},"3":{"start":{"line":24,"column":8},"end":{"line":32,"column":11}},"4":{"start":{"line":25,"column":12},"end":{"line":31,"column":13}},"5":{"start":{"line":26,"column":16},"end":{"line":26,"column":36}},"6":{"start":{"line":27,"column":19},"end":{"line":31,"column":13}},"7":{"start":{"line":28,"column":16},"end":{"line":28,"column":85}},"8":{"start":{"line":30,"column":16},"end":{"line":30,"column":40}},"9":{"start":{"line":36,"column":8},"end":{"line":45,"column":11}},"10":{"start":{"line":37,"column":12},"end":{"line":37,"column":33}},"11":{"start":{"line":38,"column":12},"end":{"line":44,"column":13}},"12":{"start":{"line":39,"column":16},"end":{"line":39,"column":36}},"13":{"start":{"line":40,"column":19},"end":{"line":44,"column":13}},"14":{"start":{"line":41,"column":16},"end":{"line":41,"column":70}},"15":{"start":{"line":43,"column":16},"end":{"line":43,"column":40}},"16":{"start":{"line":49,"column":8},"end":{"line":49,"column":108}},"17":{"start":{"line":50,"column":8},"end":{"line":58,"column":11}},"18":{"start":{"line":51,"column":12},"end":{"line":57,"column":13}},"19":{"start":{"line":52,"column":16},"end":{"line":52,"column":36}},"20":{"start":{"line":53,"column":19},"end":{"line":57,"column":13}},"21":{"start":{"line":54,"column":16},"end":{"line":54,"column":85}},"22":{"start":{"line":56,"column":16},"end":{"line":56,"column":40}},"23":{"start":{"line":65,"column":21},"end":{"line":65,"column":31}},"24":{"start":{"line":66,"column":28},"end":{"line":66,"column":105}},"25":{"start":{"line":67,"column":18},"end":{"line":67,"column":26}},"26":{"start":{"line":68,"column":18},"end":{"line":68,"column":27}},"27":{"start":{"line":69,"column":8},"end":{"line":69,"column":205}},"28":{"start":{"line":70,"column":8},"end":{"line":70,"column":37}},"29":{"start":{"line":71,"column":8},"end":{"line":71,"column":40}},"30":{"start":{"line":72,"column":8},"end":{"line":72,"column":35}},"31":{"start":{"line":73,"column":8},"end":{"line":73,"column":38}},"32":{"start":{"line":74,"column":8},"end":{"line":74,"column":35}},"33":{"start":{"line":75,"column":8},"end":{"line":75,"column":45}},"34":{"start":{"line":76,"column":8},"end":{"line":76,"column":24}},"35":{"start":{"line":77,"column":8},"end":{"line":77,"column":35}},"36":{"start":{"line":78,"column":8},"end":{"line":78,"column":26}},"37":{"start":{"line":79,"column":8},"end":{"line":79,"column":26}},"38":{"start":{"line":80,"column":8},"end":{"line":80,"column":36}},"39":{"start":{"line":81,"column":8},"end":{"line":81,"column":32}},"40":{"start":{"line":82,"column":8},"end":{"line":95,"column":11}},"41":{"start":{"line":83,"column":12},"end":{"line":94,"column":13}},"42":{"start":{"line":84,"column":16},"end":{"line":84,"column":55}},"43":{"start":{"line":85,"column":16},"end":{"line":85,"column":37}},"44":{"start":{"line":87,"column":16},"end":{"line":93,"column":17}},"45":{"start":{"line":88,"column":20},"end":{"line":88,"column":67}},"46":{"start":{"line":89,"column":20},"end":{"line":89,"column":43}},"47":{"start":{"line":91,"column":20},"end":{"line":91,"column":70}},"48":{"start":{"line":92,"column":20},"end":{"line":92,"column":41}},"49":{"start":{"line":102,"column":8},"end":{"line":102,"column":98}},"50":{"start":{"line":103,"column":8},"end":{"line":111,"column":11}},"51":{"start":{"line":104,"column":12},"end":{"line":110,"column":13}},"52":{"start":{"line":105,"column":16},"end":{"line":105,"column":55}},"53":{"start":{"line":106,"column":16},"end":{"line":106,"column":37}},"54":{"start":{"line":108,"column":16},"end":{"line":108,"column":56}},"55":{"start":{"line":109,"column":16},"end":{"line":109,"column":36}},"56":{"start":{"line":115,"column":8},"end":{"line":115,"column":104}},"57":{"start":{"line":116,"column":8},"end":{"line":124,"column":11}},"58":{"start":{"line":117,"column":12},"end":{"line":123,"column":13}},"59":{"start":{"line":118,"column":16},"end":{"line":118,"column":55}},"60":{"start":{"line":119,"column":16},"end":{"line":119,"column":37}},"61":{"start":{"line":121,"column":16},"end":{"line":121,"column":59}},"62":{"start":{"line":122,"column":16},"end":{"line":122,"column":36}},"63":{"start":{"line":128,"column":8},"end":{"line":128,"column":100}},"64":{"start":{"line":129,"column":8},"end":{"line":138,"column":9}},"65":{"start":{"line":130,"column":12},"end":{"line":136,"column":13}},"66":{"start":{"line":131,"column":16},"end":{"line":131,"column":55}},"67":{"start":{"line":132,"column":16},"end":{"line":132,"column":37}},"68":{"start":{"line":134,"column":16},"end":{"line":134,"column":57}},"69":{"start":{"line":135,"column":16},"end":{"line":135,"column":36}},"70":{"start":{"line":145,"column":8},"end":{"line":157,"column":11}},"71":{"start":{"line":146,"column":12},"end":{"line":156,"column":13}},"72":{"start":{"line":147,"column":16},"end":{"line":147,"column":36}},"73":{"start":{"line":149,"column":16},"end":{"line":155,"column":17}},"74":{"start":{"line":151,"column":20},"end":{"line":151,"column":71}},"75":{"start":{"line":154,"column":20},"end":{"line":154,"column":86}},"76":{"start":{"line":172,"column":33},"end":{"line":172,"column":95}},"77":{"start":{"line":173,"column":8},"end":{"line":173,"column":58}},"78":{"start":{"line":178,"column":36},"end":{"line":178,"column":122}},"79":{"start":{"line":179,"column":8},"end":{"line":179,"column":51}},"80":{"start":{"line":188,"column":31},"end":{"line":188,"column":61}},"81":{"start":{"line":189,"column":8},"end":{"line":189,"column":49}},"82":{"start":{"line":196,"column":36},"end":{"line":196,"column":70}},"83":{"start":{"line":197,"column":8},"end":{"line":197,"column":55}},"84":{"start":{"line":204,"column":37},"end":{"line":204,"column":81}},"85":{"start":{"line":205,"column":8},"end":{"line":205,"column":57}},"86":{"start":{"line":209,"column":19},"end":{"line":209,"column":23}},"87":{"start":{"line":210,"column":8},"end":{"line":214,"column":11}},"88":{"start":{"line":211,"column":12},"end":{"line":213,"column":15}},"89":{"start":{"line":212,"column":16},"end":{"line":212,"column":60}},"90":{"start":{"line":219,"column":32},"end":{"line":219,"column":78}},"91":{"start":{"line":221,"column":35},"end":{"line":221,"column":74}},"92":{"start":{"line":222,"column":8},"end":{"line":225,"column":9}},"93":{"start":{"line":223,"column":12},"end":{"line":223,"column":28}},"94":{"start":{"line":224,"column":12},"end":{"line":224,"column":19}},"95":{"start":{"line":228,"column":34},"end":{"line":228,"column":67}},"96":{"start":{"line":229,"column":27},"end":{"line":229,"column":53}},"97":{"start":{"line":230,"column":23},"end":{"line":230,"column":41}},"98":{"start":{"line":232,"column":8},"end":{"line":235,"column":9}},"99":{"start":{"line":233,"column":12},"end":{"line":233,"column":28}},"100":{"start":{"line":234,"column":12},"end":{"line":234,"column":19}},"101":{"start":{"line":238,"column":36},"end":{"line":238,"column":69}},"102":{"start":{"line":239,"column":8},"end":{"line":242,"column":9}},"103":{"start":{"line":240,"column":12},"end":{"line":240,"column":28}},"104":{"start":{"line":241,"column":12},"end":{"line":241,"column":19}},"105":{"start":{"line":244,"column":8},"end":{"line":244,"column":23}}},"fnMap":{"0":{"name":"(anonymous_0)","decl":{"start":{"line":22,"column":10},"end":{"line":22,"column":11}},"loc":{"start":{"line":22,"column":37},"end":{"line":33,"column":5}},"line":22},"1":{"name":"(anonymous_1)","decl":{"start":{"line":24,"column":24},"end":{"line":24,"column":25}},"loc":{"start":{"line":24,"column":48},"end":{"line":32,"column":9}},"line":24},"2":{"name":"(anonymous_2)","decl":{"start":{"line":35,"column":13},"end":{"line":35,"column":14}},"loc":{"start":{"line":35,"column":33},"end":{"line":46,"column":5}},"line":35},"3":{"name":"(anonymous_3)","decl":{"start":{"line":36,"column":46},"end":{"line":36,"column":47}},"loc":{"start":{"line":36,"column":70},"end":{"line":45,"column":9}},"line":36},"4":{"name":"(anonymous_4)","decl":{"start":{"line":48,"column":25},"end":{"line":48,"column":26}},"loc":{"start":{"line":48,"column":52},"end":{"line":59,"column":5}},"line":48},"5":{"name":"(anonymous_5)","decl":{"start":{"line":50,"column":24},"end":{"line":50,"column":25}},"loc":{"start":{"line":50,"column":48},"end":{"line":58,"column":9}},"line":50},"6":{"name":"(anonymous_6)","decl":{"start":{"line":64,"column":12},"end":{"line":64,"column":13}},"loc":{"start":{"line":64,"column":99},"end":{"line":96,"column":5}},"line":64},"7":{"name":"(anonymous_7)","decl":{"start":{"line":82,"column":29},"end":{"line":82,"column":30}},"loc":{"start":{"line":82,"column":53},"end":{"line":95,"column":9}},"line":82},"8":{"name":"(anonymous_8)","decl":{"start":{"line":101,"column":15},"end":{"line":101,"column":16}},"loc":{"start":{"line":101,"column":51},"end":{"line":112,"column":5}},"line":101},"9":{"name":"(anonymous_9)","decl":{"start":{"line":103,"column":29},"end":{"line":103,"column":30}},"loc":{"start":{"line":103,"column":53},"end":{"line":111,"column":9}},"line":103},"10":{"name":"(anonymous_10)","decl":{"start":{"line":114,"column":18},"end":{"line":114,"column":19}},"loc":{"start":{"line":114,"column":57},"end":{"line":125,"column":5}},"line":114},"11":{"name":"(anonymous_11)","decl":{"start":{"line":116,"column":29},"end":{"line":116,"column":30}},"loc":{"start":{"line":116,"column":53},"end":{"line":124,"column":9}},"line":116},"12":{"name":"(anonymous_12)","decl":{"start":{"line":127,"column":16},"end":{"line":127,"column":17}},"loc":{"start":{"line":127,"column":53},"end":{"line":139,"column":5}},"line":127},"13":{"name":"(anonymous_13)","decl":{"start":{"line":129,"column":29},"end":{"line":129,"column":30}},"loc":{"start":{"line":129,"column":53},"end":{"line":137,"column":9}},"line":129},"14":{"name":"(anonymous_14)","decl":{"start":{"line":144,"column":12},"end":{"line":144,"column":13}},"loc":{"start":{"line":144,"column":39},"end":{"line":158,"column":5}},"line":144},"15":{"name":"(anonymous_15)","decl":{"start":{"line":145,"column":81},"end":{"line":145,"column":82}},"loc":{"start":{"line":145,"column":105},"end":{"line":157,"column":9}},"line":145},"16":{"name":"(anonymous_16)","decl":{"start":{"line":163,"column":15},"end":{"line":163,"column":16}},"loc":{"start":{"line":163,"column":51},"end":{"line":174,"column":5}},"line":163},"17":{"name":"(anonymous_17)","decl":{"start":{"line":176,"column":14},"end":{"line":176,"column":15}},"loc":{"start":{"line":176,"column":40},"end":{"line":180,"column":5}},"line":176},"18":{"name":"(anonymous_18)","decl":{"start":{"line":182,"column":14},"end":{"line":182,"column":15}},"loc":{"start":{"line":182,"column":43},"end":{"line":190,"column":5}},"line":182},"19":{"name":"(anonymous_19)","decl":{"start":{"line":192,"column":19},"end":{"line":192,"column":20}},"loc":{"start":{"line":192,"column":49},"end":{"line":198,"column":5}},"line":192},"20":{"name":"(anonymous_20)","decl":{"start":{"line":200,"column":20},"end":{"line":200,"column":21}},"loc":{"start":{"line":200,"column":51},"end":{"line":206,"column":5}},"line":200},"21":{"name":"(anonymous_21)","decl":{"start":{"line":208,"column":22},"end":{"line":208,"column":23}},"loc":{"start":{"line":208,"column":63},"end":{"line":215,"column":5}},"line":208},"22":{"name":"(anonymous_22)","decl":{"start":{"line":210,"column":37},"end":{"line":210,"column":38}},"loc":{"start":{"line":210,"column":63},"end":{"line":214,"column":9}},"line":210},"23":{"name":"(anonymous_23)","decl":{"start":{"line":211,"column":43},"end":{"line":211,"column":44}},"loc":{"start":{"line":211,"column":70},"end":{"line":213,"column":13}},"line":211},"24":{"name":"(anonymous_24)","decl":{"start":{"line":217,"column":25},"end":{"line":217,"column":26}},"loc":{"start":{"line":217,"column":61},"end":{"line":245,"column":5}},"line":217}},"branchMap":{"0":{"loc":{"start":{"line":25,"column":12},"end":{"line":31,"column":13}},"type":"if","locations":[{"start":{"line":25,"column":12},"end":{"line":31,"column":13}},{"start":{"line":27,"column":19},"end":{"line":31,"column":13}}],"line":25},"1":{"loc":{"start":{"line":27,"column":19},"end":{"line":31,"column":13}},"type":"if","locations":[{"start":{"line":27,"column":19},"end":{"line":31,"column":13}},{"start":{"line":29,"column":19},"end":{"line":31,"column":13}}],"line":27},"2":{"loc":{"start":{"line":38,"column":12},"end":{"line":44,"column":13}},"type":"if","locations":[{"start":{"line":38,"column":12},"end":{"line":44,"column":13}},{"start":{"line":40,"column":19},"end":{"line":44,"column":13}}],"line":38},"3":{"loc":{"start":{"line":40,"column":19},"end":{"line":44,"column":13}},"type":"if","locations":[{"start":{"line":40,"column":19},"end":{"line":44,"column":13}},{"start":{"line":42,"column":19},"end":{"line":44,"column":13}}],"line":40},"4":{"loc":{"start":{"line":51,"column":12},"end":{"line":57,"column":13}},"type":"if","locations":[{"start":{"line":51,"column":12},"end":{"line":57,"column":13}},{"start":{"line":53,"column":19},"end":{"line":57,"column":13}}],"line":51},"5":{"loc":{"start":{"line":53,"column":19},"end":{"line":57,"column":13}},"type":"if","locations":[{"start":{"line":53,"column":19},"end":{"line":57,"column":13}},{"start":{"line":55,"column":19},"end":{"line":57,"column":13}}],"line":53},"6":{"loc":{"start":{"line":83,"column":12},"end":{"line":94,"column":13}},"type":"if","locations":[{"start":{"line":83,"column":12},"end":{"line":94,"column":13}},{"start":{"line":86,"column":19},"end":{"line":94,"column":13}}],"line":83},"7":{"loc":{"start":{"line":87,"column":16},"end":{"line":93,"column":17}},"type":"if","locations":[{"start":{"line":87,"column":16},"end":{"line":93,"column":17}},{"start":{"line":90,"column":23},"end":{"line":93,"column":17}}],"line":87},"8":{"loc":{"start":{"line":104,"column":12},"end":{"line":110,"column":13}},"type":"if","locations":[{"start":{"line":104,"column":12},"end":{"line":110,"column":13}},{"start":{"line":107,"column":19},"end":{"line":110,"column":13}}],"line":104},"9":{"loc":{"start":{"line":117,"column":12},"end":{"line":123,"column":13}},"type":"if","locations":[{"start":{"line":117,"column":12},"end":{"line":123,"column":13}},{"start":{"line":120,"column":19},"end":{"line":123,"column":13}}],"line":117},"10":{"loc":{"start":{"line":130,"column":12},"end":{"line":136,"column":13}},"type":"if","locations":[{"start":{"line":130,"column":12},"end":{"line":136,"column":13}},{"start":{"line":133,"column":19},"end":{"line":136,"column":13}}],"line":130},"11":{"loc":{"start":{"line":146,"column":12},"end":{"line":156,"column":13}},"type":"if","locations":[{"start":{"line":146,"column":12},"end":{"line":156,"column":13}},{"start":{"line":148,"column":19},"end":{"line":156,"column":13}}],"line":146},"12":{"loc":{"start":{"line":149,"column":16},"end":{"line":155,"column":17}},"type":"if","locations":[{"start":{"line":149,"column":16},"end":{"line":155,"column":17}},{"start":{"line":152,"column":23},"end":{"line":155,"column":17}}],"line":149},"13":{"loc":{"start":{"line":212,"column":25},"end":{"line":212,"column":58}},"type":"binary-expr","locations":[{"start":{"line":212,"column":25},"end":{"line":212,"column":39}},{"start":{"line":212,"column":43},"end":{"line":212,"column":58}}],"line":212},"14":{"loc":{"start":{"line":222,"column":8},"end":{"line":225,"column":9}},"type":"if","locations":[{"start":{"line":222,"column":8},"end":{"line":225,"column":9}},{"start":{},"end":{}}],"line":222},"15":{"loc":{"start":{"line":232,"column":8},"end":{"line":235,"column":9}},"type":"if","locations":[{"start":{"line":232,"column":8},"end":{"line":235,"column":9}},{"start":{},"end":{}}],"line":232},"16":{"loc":{"start":{"line":239,"column":8},"end":{"line":242,"column":9}},"type":"if","locations":[{"start":{"line":239,"column":8},"end":{"line":242,"column":9}},{"start":{},"end":{}}],"line":239}},"s":{"0":1,"1":1,"2":6,"3":6,"4":6,"5":1,"6":5,"7":3,"8":2,"9":3,"10":3,"11":3,"12":1,"13":2,"14":1,"15":1,"16":3,"17":3,"18":3,"19":1,"20":2,"21":1,"22":1,"23":3,"24":3,"25":3,"26":3,"27":3,"28":3,"29":3,"30":3,"31":3,"32":3,"33":3,"34":3,"35":3,"36":3,"37":3,"38":3,"39":3,"40":3,"41":3,"42":1,"43":1,"44":2,"45":1,"46":1,"47":1,"48":1,"49":3,"50":3,"51":3,"52":1,"53":1,"54":2,"55":2,"56":3,"57":3,"58":3,"59":1,"60":1,"61":2,"62":2,"63":3,"64":3,"65":3,"66":1,"67":1,"68":2,"69":2,"70":3,"71":3,"72":1,"73":2,"74":1,"75":1,"76":2,"77":2,"78":2,"79":2,"80":5,"81":5,"82":3,"83":3,"84":3,"85":3,"86":1,"87":1,"88":1,"89":1,"90":4,"91":4,"92":4,"93":1,"94":1,"95":3,"96":3,"97":3,"98":3,"99":1,"100":1,"101":2,"102":2,"103":1,"104":1,"105":1},"f":{"0":6,"1":6,"2":3,"3":3,"4":3,"5":3,"6":3,"7":3,"8":3,"9":3,"10":3,"11":3,"12":3,"13":3,"14":3,"15":3,"16":2,"17":2,"18":5,"19":3,"20":3,"21":1,"22":1,"23":1,"24":4},"b":{"0":[1,5],"1":[3,2],"2":[1,2],"3":[1,1],"4":[1,2],"5":[1,1],"6":[1,2],"7":[1,1],"8":[1,2],"9":[1,2],"10":[1,2],"11":[1,2],"12":[1,1],"13":[1,1],"14":[1,3],"15":[1,2],"16":[1,1]},"_coverageSchema":"1a1c01bbd47fc00a2c39e90264f33305004495a9","hash":"e9b2cb271b47b0884f8c70fb427d067bd048e7d9"}
}
