{"/home/tobias/Bureau/GI02/SR10/UTC-SR10/myapp/model/ConnexionBDD.js": {"path":"/home/tobias/Bureau/GI02/SR10/UTC-SR10/myapp/model/ConnexionBDD.js","statementMap":{"0":{"start":{"line":2,"column":12},"end":{"line":2,"column":28}},"1":{"start":{"line":5,"column":11},"end":{"line":10,"column":2}},"2":{"start":{"line":16,"column":0},"end":{"line":16,"column":22}}},"fnMap":{},"branchMap":{},"s":{"0":1,"1":1,"2":1},"f":{},"b":{},"_coverageSchema":"1a1c01bbd47fc00a2c39e90264f33305004495a9","hash":"d84a0269d2510660560bae77504e0f285e38a8f8"}
,"/home/tobias/Bureau/GI02/SR10/UTC-SR10/myapp/model/Entreprise.js": {"path":"/home/tobias/Bureau/GI02/SR10/UTC-SR10/myapp/model/Entreprise.js","statementMap":{"0":{"start":{"line":1,"column":10},"end":{"line":1,"column":28}},"1":{"start":{"line":2,"column":9},"end":{"line":2,"column":37}},"2":{"start":{"line":4,"column":0},"end":{"line":234,"column":1}},"3":{"start":{"line":7,"column":8},"end":{"line":15,"column":11}},"4":{"start":{"line":8,"column":12},"end":{"line":14,"column":13}},"5":{"start":{"line":10,"column":16},"end":{"line":10,"column":36}},"6":{"start":{"line":13,"column":16},"end":{"line":13,"column":40}},"7":{"start":{"line":19,"column":8},"end":{"line":27,"column":11}},"8":{"start":{"line":20,"column":12},"end":{"line":26,"column":13}},"9":{"start":{"line":22,"column":16},"end":{"line":22,"column":36}},"10":{"start":{"line":25,"column":16},"end":{"line":25,"column":40}},"11":{"start":{"line":31,"column":8},"end":{"line":39,"column":11}},"12":{"start":{"line":32,"column":12},"end":{"line":38,"column":13}},"13":{"start":{"line":34,"column":16},"end":{"line":34,"column":36}},"14":{"start":{"line":37,"column":16},"end":{"line":37,"column":40}},"15":{"start":{"line":45,"column":8},"end":{"line":56,"column":11}},"16":{"start":{"line":46,"column":12},"end":{"line":55,"column":13}},"17":{"start":{"line":48,"column":16},"end":{"line":48,"column":37}},"18":{"start":{"line":49,"column":19},"end":{"line":55,"column":13}},"19":{"start":{"line":51,"column":16},"end":{"line":51,"column":37}},"20":{"start":{"line":54,"column":16},"end":{"line":54,"column":96}},"21":{"start":{"line":60,"column":8},"end":{"line":71,"column":11}},"22":{"start":{"line":61,"column":12},"end":{"line":70,"column":13}},"23":{"start":{"line":63,"column":16},"end":{"line":63,"column":37}},"24":{"start":{"line":64,"column":19},"end":{"line":70,"column":13}},"25":{"start":{"line":66,"column":16},"end":{"line":66,"column":37}},"26":{"start":{"line":69,"column":16},"end":{"line":69,"column":96}},"27":{"start":{"line":75,"column":8},"end":{"line":86,"column":11}},"28":{"start":{"line":76,"column":12},"end":{"line":85,"column":13}},"29":{"start":{"line":78,"column":16},"end":{"line":78,"column":37}},"30":{"start":{"line":79,"column":19},"end":{"line":85,"column":13}},"31":{"start":{"line":81,"column":16},"end":{"line":81,"column":37}},"32":{"start":{"line":84,"column":16},"end":{"line":84,"column":91}},"33":{"start":{"line":90,"column":19},"end":{"line":90,"column":29}},"34":{"start":{"line":91,"column":28},"end":{"line":91,"column":99}},"35":{"start":{"line":92,"column":8},"end":{"line":103,"column":11}},"36":{"start":{"line":93,"column":12},"end":{"line":102,"column":13}},"37":{"start":{"line":95,"column":16},"end":{"line":95,"column":36}},"38":{"start":{"line":96,"column":19},"end":{"line":102,"column":13}},"39":{"start":{"line":98,"column":16},"end":{"line":98,"column":37}},"40":{"start":{"line":101,"column":16},"end":{"line":101,"column":90}},"41":{"start":{"line":108,"column":8},"end":{"line":119,"column":11}},"42":{"start":{"line":109,"column":12},"end":{"line":118,"column":13}},"43":{"start":{"line":111,"column":16},"end":{"line":111,"column":36}},"44":{"start":{"line":112,"column":19},"end":{"line":118,"column":13}},"45":{"start":{"line":114,"column":16},"end":{"line":114,"column":37}},"46":{"start":{"line":117,"column":16},"end":{"line":117,"column":88}},"47":{"start":{"line":123,"column":8},"end":{"line":134,"column":11}},"48":{"start":{"line":124,"column":12},"end":{"line":133,"column":13}},"49":{"start":{"line":126,"column":16},"end":{"line":126,"column":37}},"50":{"start":{"line":127,"column":19},"end":{"line":133,"column":13}},"51":{"start":{"line":129,"column":16},"end":{"line":129,"column":37}},"52":{"start":{"line":132,"column":16},"end":{"line":132,"column":84}},"53":{"start":{"line":138,"column":8},"end":{"line":152,"column":11}},"54":{"start":{"line":142,"column":12},"end":{"line":151,"column":13}},"55":{"start":{"line":144,"column":16},"end":{"line":144,"column":36}},"56":{"start":{"line":145,"column":19},"end":{"line":151,"column":13}},"57":{"start":{"line":147,"column":16},"end":{"line":147,"column":40}},"58":{"start":{"line":150,"column":16},"end":{"line":150,"column":75}},"59":{"start":{"line":156,"column":8},"end":{"line":180,"column":11}},"60":{"start":{"line":170,"column":12},"end":{"line":179,"column":13}},"61":{"start":{"line":172,"column":16},"end":{"line":172,"column":36}},"62":{"start":{"line":173,"column":19},"end":{"line":179,"column":13}},"63":{"start":{"line":175,"column":16},"end":{"line":175,"column":40}},"64":{"start":{"line":178,"column":16},"end":{"line":178,"column":72}},"65":{"start":{"line":186,"column":8},"end":{"line":204,"column":11}},"66":{"start":{"line":187,"column":12},"end":{"line":203,"column":13}},"67":{"start":{"line":189,"column":16},"end":{"line":189,"column":36}},"68":{"start":{"line":191,"column":16},"end":{"line":202,"column":19}},"69":{"start":{"line":192,"column":20},"end":{"line":201,"column":21}},"70":{"start":{"line":194,"column":24},"end":{"line":194,"column":44}},"71":{"start":{"line":195,"column":27},"end":{"line":201,"column":21}},"72":{"start":{"line":197,"column":24},"end":{"line":197,"column":45}},"73":{"start":{"line":200,"column":24},"end":{"line":200,"column":101}},"74":{"start":{"line":214,"column":36},"end":{"line":214,"column":70}},"75":{"start":{"line":215,"column":8},"end":{"line":215,"column":55}},"76":{"start":{"line":222,"column":37},"end":{"line":222,"column":81}},"77":{"start":{"line":223,"column":8},"end":{"line":223,"column":57}},"78":{"start":{"line":227,"column":22},"end":{"line":227,"column":34}},"79":{"start":{"line":228,"column":8},"end":{"line":232,"column":9}},"80":{"start":{"line":229,"column":12},"end":{"line":229,"column":28}},"81":{"start":{"line":231,"column":12},"end":{"line":231,"column":27}}},"fnMap":{"0":{"name":"(anonymous_0)","decl":{"start":{"line":6,"column":26},"end":{"line":6,"column":27}},"loc":{"start":{"line":6,"column":46},"end":{"line":16,"column":5}},"line":6},"1":{"name":"(anonymous_1)","decl":{"start":{"line":7,"column":53},"end":{"line":7,"column":54}},"loc":{"start":{"line":7,"column":77},"end":{"line":15,"column":9}},"line":7},"2":{"name":"(anonymous_2)","decl":{"start":{"line":18,"column":10},"end":{"line":18,"column":11}},"loc":{"start":{"line":18,"column":37},"end":{"line":28,"column":5}},"line":18},"3":{"name":"(anonymous_3)","decl":{"start":{"line":19,"column":73},"end":{"line":19,"column":74}},"loc":{"start":{"line":19,"column":97},"end":{"line":27,"column":9}},"line":19},"4":{"name":"(anonymous_4)","decl":{"start":{"line":30,"column":13},"end":{"line":30,"column":14}},"loc":{"start":{"line":30,"column":33},"end":{"line":40,"column":5}},"line":30},"5":{"name":"(anonymous_5)","decl":{"start":{"line":31,"column":49},"end":{"line":31,"column":50}},"loc":{"start":{"line":31,"column":73},"end":{"line":39,"column":9}},"line":31},"6":{"name":"(anonymous_6)","decl":{"start":{"line":44,"column":28},"end":{"line":44,"column":29}},"loc":{"start":{"line":44,"column":80},"end":{"line":57,"column":5}},"line":44},"7":{"name":"(anonymous_7)","decl":{"start":{"line":45,"column":99},"end":{"line":45,"column":100}},"loc":{"start":{"line":45,"column":123},"end":{"line":56,"column":9}},"line":45},"8":{"name":"(anonymous_8)","decl":{"start":{"line":59,"column":28},"end":{"line":59,"column":29}},"loc":{"start":{"line":59,"column":80},"end":{"line":72,"column":5}},"line":59},"9":{"name":"(anonymous_9)","decl":{"start":{"line":60,"column":99},"end":{"line":60,"column":100}},"loc":{"start":{"line":60,"column":123},"end":{"line":71,"column":9}},"line":60},"10":{"name":"(anonymous_10)","decl":{"start":{"line":74,"column":12},"end":{"line":74,"column":13}},"loc":{"start":{"line":74,"column":100},"end":{"line":87,"column":5}},"line":74},"11":{"name":"(anonymous_11)","decl":{"start":{"line":75,"column":139},"end":{"line":75,"column":140}},"loc":{"start":{"line":75,"column":163},"end":{"line":86,"column":9}},"line":75},"12":{"name":"(anonymous_12)","decl":{"start":{"line":89,"column":13},"end":{"line":89,"column":14}},"loc":{"start":{"line":89,"column":47},"end":{"line":104,"column":5}},"line":89},"13":{"name":"(anonymous_13)","decl":{"start":{"line":92,"column":139},"end":{"line":92,"column":140}},"loc":{"start":{"line":92,"column":163},"end":{"line":103,"column":9}},"line":92},"14":{"name":"(anonymous_14)","decl":{"start":{"line":107,"column":28},"end":{"line":107,"column":29}},"loc":{"start":{"line":107,"column":67},"end":{"line":120,"column":5}},"line":107},"15":{"name":"(anonymous_15)","decl":{"start":{"line":108,"column":86},"end":{"line":108,"column":87}},"loc":{"start":{"line":108,"column":110},"end":{"line":119,"column":9}},"line":108},"16":{"name":"(anonymous_16)","decl":{"start":{"line":122,"column":12},"end":{"line":122,"column":13}},"loc":{"start":{"line":122,"column":39},"end":{"line":135,"column":5}},"line":122},"17":{"name":"(anonymous_17)","decl":{"start":{"line":123,"column":71},"end":{"line":123,"column":72}},"loc":{"start":{"line":123,"column":95},"end":{"line":134,"column":9}},"line":123},"18":{"name":"(anonymous_18)","decl":{"start":{"line":137,"column":25},"end":{"line":137,"column":26}},"loc":{"start":{"line":137,"column":52},"end":{"line":153,"column":5}},"line":137},"19":{"name":"(anonymous_19)","decl":{"start":{"line":141,"column":92},"end":{"line":141,"column":93}},"loc":{"start":{"line":141,"column":116},"end":{"line":152,"column":9}},"line":141},"20":{"name":"(anonymous_20)","decl":{"start":{"line":155,"column":15},"end":{"line":155,"column":16}},"loc":{"start":{"line":155,"column":42},"end":{"line":181,"column":5}},"line":155},"21":{"name":"(anonymous_21)","decl":{"start":{"line":169,"column":65},"end":{"line":169,"column":66}},"loc":{"start":{"line":169,"column":89},"end":{"line":180,"column":9}},"line":169},"22":{"name":"(anonymous_22)","decl":{"start":{"line":185,"column":23},"end":{"line":185,"column":24}},"loc":{"start":{"line":185,"column":57},"end":{"line":205,"column":5}},"line":185},"23":{"name":"(anonymous_23)","decl":{"start":{"line":186,"column":135},"end":{"line":186,"column":136}},"loc":{"start":{"line":186,"column":159},"end":{"line":204,"column":9}},"line":186},"24":{"name":"(anonymous_24)","decl":{"start":{"line":191,"column":108},"end":{"line":191,"column":109}},"loc":{"start":{"line":191,"column":132},"end":{"line":202,"column":17}},"line":191},"25":{"name":"(anonymous_25)","decl":{"start":{"line":210,"column":19},"end":{"line":210,"column":20}},"loc":{"start":{"line":210,"column":49},"end":{"line":216,"column":5}},"line":210},"26":{"name":"(anonymous_26)","decl":{"start":{"line":218,"column":20},"end":{"line":218,"column":21}},"loc":{"start":{"line":218,"column":51},"end":{"line":224,"column":5}},"line":218},"27":{"name":"(anonymous_27)","decl":{"start":{"line":226,"column":18},"end":{"line":226,"column":19}},"loc":{"start":{"line":226,"column":45},"end":{"line":233,"column":5}},"line":226}},"branchMap":{"0":{"loc":{"start":{"line":8,"column":12},"end":{"line":14,"column":13}},"type":"if","locations":[{"start":{"line":8,"column":12},"end":{"line":14,"column":13}},{"start":{"line":11,"column":19},"end":{"line":14,"column":13}}],"line":8},"1":{"loc":{"start":{"line":20,"column":12},"end":{"line":26,"column":13}},"type":"if","locations":[{"start":{"line":20,"column":12},"end":{"line":26,"column":13}},{"start":{"line":23,"column":19},"end":{"line":26,"column":13}}],"line":20},"2":{"loc":{"start":{"line":32,"column":12},"end":{"line":38,"column":13}},"type":"if","locations":[{"start":{"line":32,"column":12},"end":{"line":38,"column":13}},{"start":{"line":35,"column":19},"end":{"line":38,"column":13}}],"line":32},"3":{"loc":{"start":{"line":46,"column":12},"end":{"line":55,"column":13}},"type":"if","locations":[{"start":{"line":46,"column":12},"end":{"line":55,"column":13}},{"start":{"line":49,"column":19},"end":{"line":55,"column":13}}],"line":46},"4":{"loc":{"start":{"line":49,"column":19},"end":{"line":55,"column":13}},"type":"if","locations":[{"start":{"line":49,"column":19},"end":{"line":55,"column":13}},{"start":{"line":52,"column":19},"end":{"line":55,"column":13}}],"line":49},"5":{"loc":{"start":{"line":61,"column":12},"end":{"line":70,"column":13}},"type":"if","locations":[{"start":{"line":61,"column":12},"end":{"line":70,"column":13}},{"start":{"line":64,"column":19},"end":{"line":70,"column":13}}],"line":61},"6":{"loc":{"start":{"line":64,"column":19},"end":{"line":70,"column":13}},"type":"if","locations":[{"start":{"line":64,"column":19},"end":{"line":70,"column":13}},{"start":{"line":67,"column":19},"end":{"line":70,"column":13}}],"line":64},"7":{"loc":{"start":{"line":76,"column":12},"end":{"line":85,"column":13}},"type":"if","locations":[{"start":{"line":76,"column":12},"end":{"line":85,"column":13}},{"start":{"line":79,"column":19},"end":{"line":85,"column":13}}],"line":76},"8":{"loc":{"start":{"line":79,"column":19},"end":{"line":85,"column":13}},"type":"if","locations":[{"start":{"line":79,"column":19},"end":{"line":85,"column":13}},{"start":{"line":82,"column":19},"end":{"line":85,"column":13}}],"line":79},"9":{"loc":{"start":{"line":93,"column":12},"end":{"line":102,"column":13}},"type":"if","locations":[{"start":{"line":93,"column":12},"end":{"line":102,"column":13}},{"start":{"line":96,"column":19},"end":{"line":102,"column":13}}],"line":93},"10":{"loc":{"start":{"line":96,"column":19},"end":{"line":102,"column":13}},"type":"if","locations":[{"start":{"line":96,"column":19},"end":{"line":102,"column":13}},{"start":{"line":99,"column":19},"end":{"line":102,"column":13}}],"line":96},"11":{"loc":{"start":{"line":109,"column":12},"end":{"line":118,"column":13}},"type":"if","locations":[{"start":{"line":109,"column":12},"end":{"line":118,"column":13}},{"start":{"line":112,"column":19},"end":{"line":118,"column":13}}],"line":109},"12":{"loc":{"start":{"line":112,"column":19},"end":{"line":118,"column":13}},"type":"if","locations":[{"start":{"line":112,"column":19},"end":{"line":118,"column":13}},{"start":{"line":115,"column":19},"end":{"line":118,"column":13}}],"line":112},"13":{"loc":{"start":{"line":124,"column":12},"end":{"line":133,"column":13}},"type":"if","locations":[{"start":{"line":124,"column":12},"end":{"line":133,"column":13}},{"start":{"line":127,"column":19},"end":{"line":133,"column":13}}],"line":124},"14":{"loc":{"start":{"line":127,"column":19},"end":{"line":133,"column":13}},"type":"if","locations":[{"start":{"line":127,"column":19},"end":{"line":133,"column":13}},{"start":{"line":130,"column":19},"end":{"line":133,"column":13}}],"line":127},"15":{"loc":{"start":{"line":142,"column":12},"end":{"line":151,"column":13}},"type":"if","locations":[{"start":{"line":142,"column":12},"end":{"line":151,"column":13}},{"start":{"line":145,"column":19},"end":{"line":151,"column":13}}],"line":142},"16":{"loc":{"start":{"line":145,"column":19},"end":{"line":151,"column":13}},"type":"if","locations":[{"start":{"line":145,"column":19},"end":{"line":151,"column":13}},{"start":{"line":148,"column":19},"end":{"line":151,"column":13}}],"line":145},"17":{"loc":{"start":{"line":170,"column":12},"end":{"line":179,"column":13}},"type":"if","locations":[{"start":{"line":170,"column":12},"end":{"line":179,"column":13}},{"start":{"line":173,"column":19},"end":{"line":179,"column":13}}],"line":170},"18":{"loc":{"start":{"line":173,"column":19},"end":{"line":179,"column":13}},"type":"if","locations":[{"start":{"line":173,"column":19},"end":{"line":179,"column":13}},{"start":{"line":176,"column":19},"end":{"line":179,"column":13}}],"line":173},"19":{"loc":{"start":{"line":187,"column":12},"end":{"line":203,"column":13}},"type":"if","locations":[{"start":{"line":187,"column":12},"end":{"line":203,"column":13}},{"start":{"line":190,"column":19},"end":{"line":203,"column":13}}],"line":187},"20":{"loc":{"start":{"line":192,"column":20},"end":{"line":201,"column":21}},"type":"if","locations":[{"start":{"line":192,"column":20},"end":{"line":201,"column":21}},{"start":{"line":195,"column":27},"end":{"line":201,"column":21}}],"line":192},"21":{"loc":{"start":{"line":195,"column":27},"end":{"line":201,"column":21}},"type":"if","locations":[{"start":{"line":195,"column":27},"end":{"line":201,"column":21}},{"start":{"line":198,"column":27},"end":{"line":201,"column":21}}],"line":195},"22":{"loc":{"start":{"line":228,"column":8},"end":{"line":232,"column":9}},"type":"if","locations":[{"start":{"line":228,"column":8},"end":{"line":232,"column":9}},{"start":{"line":230,"column":15},"end":{"line":232,"column":9}}],"line":228}},"s":{"0":1,"1":1,"2":1,"3":2,"4":2,"5":0,"6":2,"7":1,"8":1,"9":0,"10":1,"11":1,"12":1,"13":0,"14":1,"15":0,"16":0,"17":0,"18":0,"19":0,"20":0,"21":1,"22":1,"23":0,"24":1,"25":1,"26":0,"27":1,"28":1,"29":1,"30":0,"31":0,"32":0,"33":0,"34":0,"35":0,"36":0,"37":0,"38":0,"39":0,"40":0,"41":1,"42":1,"43":0,"44":1,"45":1,"46":0,"47":1,"48":1,"49":1,"50":0,"51":0,"52":0,"53":0,"54":0,"55":0,"56":0,"57":0,"58":0,"59":0,"60":0,"61":0,"62":0,"63":0,"64":0,"65":0,"66":0,"67":0,"68":0,"69":0,"70":0,"71":0,"72":0,"73":0,"74":0,"75":0,"76":0,"77":0,"78":0,"79":0,"80":0,"81":0},"f":{"0":2,"1":2,"2":1,"3":1,"4":1,"5":1,"6":0,"7":0,"8":1,"9":1,"10":1,"11":1,"12":0,"13":0,"14":1,"15":1,"16":1,"17":1,"18":0,"19":0,"20":0,"21":0,"22":0,"23":0,"24":0,"25":0,"26":0,"27":0},"b":{"0":[0,2],"1":[0,1],"2":[0,1],"3":[0,0],"4":[0,0],"5":[0,1],"6":[1,0],"7":[1,0],"8":[0,0],"9":[0,0],"10":[0,0],"11":[0,1],"12":[1,0],"13":[1,0],"14":[0,0],"15":[0,0],"16":[0,0],"17":[0,0],"18":[0,0],"19":[0,0],"20":[0,0],"21":[0,0],"22":[0,0]},"_coverageSchema":"1a1c01bbd47fc00a2c39e90264f33305004495a9","hash":"0bc46256edb058d1b166e0bcfe77e7348f280704"}
}
